<?xml version="1.0" encoding="UTF-8"?>
<!-- Generated by org.testng.reporters.JUnitReportReporter -->
<testsuite hostname="PHHQ-05LT-123" failures="0" tests="4" name="Tests.CrudTest" time="13.610" errors="0" timestamp="2023-04-07T22:31:25 EET" skipped="0">
  <testcase classname="Tests.CrudTest" name="CheckTheNewRecipeIsAppear" time="1.550"/>
  <system-out/>
  <testcase classname="Tests.CrudTest" name="EditRecipe" time="1.111"/>
  <system-out/>
  <testcase classname="Tests.CrudTest" name="assertNewIngredient" time="0.713"/>
  <system-out/>
  <testcase classname="Tests.CrudTest" name="DeleteLastRecipe" time="10.236"/>
  <system-out/>
</testsuite> <!-- Tests.CrudTest -->
