<?xml version="1.0" encoding="UTF-8"?>
<!-- Generated by org.testng.reporters.JUnitReportReporter -->
<testsuite skipped="0" hostname="DESKTOP-JDS4IBD" name="Tests.Task2Test" tests="3" failures="0" timestamp="2021-12-25T15:40:39 EET" time="9.172" errors="0">
  <testcase name="assertApps" time="3.093" classname="Tests.Task2Test"/>
  <system-out/>
  <testcase name="CheckByCurrentUrl" time="2.606" classname="Tests.Task2Test"/>
  <system-out/>
  <testcase name="CheckByCurrentCategory" time="3.473" classname="Tests.Task2Test"/>
  <system-out/>
</testsuite> <!-- Tests.Task2Test -->
